#
# There is insufficient memory for the Java Runtime Environment to continue.
# Native memory allocation (malloc) failed to allocate 5266464 bytes for Chunk::new
# Possible reasons:
#   The system is out of physical RAM or swap space
#   The process is running with CompressedOops enabled, and the Java Heap may be blocking the growth of the native heap
# Possible solutions:
#   Reduce memory load on the system
#   Increase physical memory or swap space
#   Check if swap backing store is full
#   Decrease Java heap size (-Xmx/-Xms)
#   Decrease number of Java threads
#   Decrease Java thread stack sizes (-Xss)
#   Set larger code cache with -XX:ReservedCodeCacheSize=
#   JVM is running with Unscaled Compressed Oops mode in which the Java heap is
#     placed in the first 4GB address space. The Java Heap base address is the
#     maximum limit for the native heap growth. Please use -XX:HeapBaseMinAddress
#     to set the Java Heap base and to place the Java Heap above 4GB virtual address.
# This output file may be truncated or incomplete.
#
#  Out of Memory Error (arena.cpp:189), pid=11256, tid=12180
#
# JRE version: OpenJDK Runtime Environment (17.0.6) (build 17.0.6+0-b2043.56-10027231)
# Java VM: OpenJDK 64-Bit Server VM (17.0.6+0-b2043.56-10027231, mixed mode, tiered, compressed oops, compressed class ptrs, g1 gc, windows-amd64)
# No core dump will be written. Minidumps are not enabled by default on client versions of Windows
#

---------------  S U M M A R Y ------------

Command Line: --add-opens=java.base/java.util=ALL-UNNAMED --add-opens=java.base/java.lang=ALL-UNNAMED --add-opens=java.base/java.lang.invoke=ALL-UNNAMED --add-opens=java.prefs/java.util.prefs=ALL-UNNAMED --add-opens=java.base/java.nio.charset=ALL-UNNAMED --add-opens=java.base/java.net=ALL-UNNAMED --add-opens=java.base/java.util.concurrent.atomic=ALL-UNNAMED -Xmx2048m -Dfile.encoding=UTF-8 -Duser.country=CL -Duser.language=es -Duser.variant org.gradle.launcher.daemon.bootstrap.GradleDaemon 8.0

Host: 12th Gen Intel(R) Core(TM) i5-1235U, 12 cores, 7G,  Windows 11 , 64 bit Build 22621 (10.0.22621.2506)
Time: Wed Nov 15 18:39:37 2023 Hora verano Sudamérica Pacífico elapsed time: 15.082947 seconds (0d 0h 0m 15s)

---------------  T H R E A D  ---------------

Current thread (0x000001e5e7839e00):  JavaThread "C2 CompilerThread0" daemon [_thread_in_native, id=12180, stack(0x00000035da300000,0x00000035da400000)]


Current CompileTask:
C2:  15083 4668 %     4       org.objectweb.asm.ClassReader::readCode @ 2186 (5109 bytes)

Stack: [0x00000035da300000,0x00000035da400000]
Native frames: (J=compiled Java code, j=interpreted, Vv=VM code, C=native code)
V  [jvm.dll+0x683c9a]
V  [jvm.dll+0x8427a4]
V  [jvm.dll+0x843f9e]
V  [jvm.dll+0x844603]
V  [jvm.dll+0x249b75]
V  [jvm.dll+0xabcac]
V  [jvm.dll+0xac27c]
V  [jvm.dll+0x368857]
V  [jvm.dll+0x1bd0b8]
V  [jvm.dll+0x21c359]
V  [jvm.dll+0x21b621]
V  [jvm.dll+0x1a4fdd]
V  [jvm.dll+0x22b098]
V  [jvm.dll+0x229159]
V  [jvm.dll+0x7f81ec]
V  [jvm.dll+0x7f274a]
V  [jvm.dll+0x682ad5]
C  [ucrtbase.dll+0x29363]
C  [KERNEL32.DLL+0x1257d]
C  [ntdll.dll+0x5aa58]


---------------  P R O C E S S  ---------------

Threads class SMR info:
_java_thread_list=0x000001e5e790a820, length=46, elements={
0x000001e5cca786a0, 0x000001e5e7814270, 0x000001e5e78150e0, 0x000001e5e78355e0,
0x000001e5e7835cb0, 0x000001e5e7838770, 0x000001e5e7839120, 0x000001e5e7839e00,
0x000001e5e783a8a0, 0x000001e5e783d2a0, 0x000001e5e79ce010, 0x000001e5e79d2500,
0x000001e5e7ab0ee0, 0x000001e5e877d480, 0x000001e5e9f1dff0, 0x000001e5ea1ad030,
0x000001e5e8f24720, 0x000001e5e91d42b0, 0x000001e5e91d55f0, 0x000001e5e91d25d0,
0x000001e5e91d2aa0, 0x000001e5e91d3910, 0x000001e5e91d5ac0, 0x000001e5e91d4780,
0x000001e5e91d2f70, 0x000001e5e91d3440, 0x000001e5e91d3de0, 0x000001e5ea6a7520,
0x000001e5ea6a2820, 0x000001e5ea6a2cf0, 0x000001e5ea6a31c0, 0x000001e5ea6a3690,
0x000001e5ea6a3b60, 0x000001e5ea6a4030, 0x000001e5ea6a4500, 0x000001e5ea6a49d0,
0x000001e5ea6a4ea0, 0x000001e5ea6a6b80, 0x000001e5ea6a5370, 0x000001e5ea6a19b0,
0x000001e5ea6a7ec0, 0x000001e5ea6a66b0, 0x000001e5ea6a5d10, 0x000001e5ea6a0b40,
0x000001e5ea6a1e80, 0x000001e5e9df0990
}

Java Threads: ( => current thread )
  0x000001e5cca786a0 JavaThread "main" [_thread_blocked, id=24420, stack(0x00000035d9600000,0x00000035d9700000)]
  0x000001e5e7814270 JavaThread "Reference Handler" daemon [_thread_blocked, id=22032, stack(0x00000035d9d00000,0x00000035d9e00000)]
  0x000001e5e78150e0 JavaThread "Finalizer" daemon [_thread_blocked, id=11328, stack(0x00000035d9e00000,0x00000035d9f00000)]
  0x000001e5e78355e0 JavaThread "Signal Dispatcher" daemon [_thread_blocked, id=21048, stack(0x00000035d9f00000,0x00000035da000000)]
  0x000001e5e7835cb0 JavaThread "Attach Listener" daemon [_thread_blocked, id=1796, stack(0x00000035da000000,0x00000035da100000)]
  0x000001e5e7838770 JavaThread "Service Thread" daemon [_thread_blocked, id=19920, stack(0x00000035da100000,0x00000035da200000)]
  0x000001e5e7839120 JavaThread "Monitor Deflation Thread" daemon [_thread_blocked, id=22936, stack(0x00000035da200000,0x00000035da300000)]
=>0x000001e5e7839e00 JavaThread "C2 CompilerThread0" daemon [_thread_in_native, id=12180, stack(0x00000035da300000,0x00000035da400000)]
  0x000001e5e783a8a0 JavaThread "C1 CompilerThread0" daemon [_thread_blocked, id=19596, stack(0x00000035da400000,0x00000035da500000)]
  0x000001e5e783d2a0 JavaThread "Sweeper thread" daemon [_thread_blocked, id=24064, stack(0x00000035da500000,0x00000035da600000)]
  0x000001e5e79ce010 JavaThread "Common-Cleaner" daemon [_thread_blocked, id=11624, stack(0x00000035da600000,0x00000035da700000)]
  0x000001e5e79d2500 JavaThread "Notification Thread" daemon [_thread_blocked, id=16560, stack(0x00000035da700000,0x00000035da800000)]
  0x000001e5e7ab0ee0 JavaThread "Daemon health stats" [_thread_blocked, id=15900, stack(0x00000035da900000,0x00000035daa00000)]
  0x000001e5e877d480 JavaThread "Incoming local TCP Connector on port 55954" [_thread_in_native, id=12048, stack(0x00000035dae00000,0x00000035daf00000)]
  0x000001e5e9f1dff0 JavaThread "Daemon periodic checks" [_thread_blocked, id=20332, stack(0x00000035daf00000,0x00000035db000000)]
  0x000001e5ea1ad030 JavaThread "Daemon" [_thread_blocked, id=23484, stack(0x00000035db000000,0x00000035db100000)]
  0x000001e5e8f24720 JavaThread "Handler for socket connection from /127.0.0.1:55954 to /127.0.0.1:55955" [_thread_in_native, id=3328, stack(0x00000035db100000,0x00000035db200000)]
  0x000001e5e91d42b0 JavaThread "Cancel handler" [_thread_blocked, id=23360, stack(0x00000035db200000,0x00000035db300000)]
  0x000001e5e91d55f0 JavaThread "Daemon worker" [_thread_blocked, id=1272, stack(0x00000035db300000,0x00000035db400000)]
  0x000001e5e91d25d0 JavaThread "Asynchronous log dispatcher for DefaultDaemonConnection: socket connection from /127.0.0.1:55954 to /127.0.0.1:55955" [_thread_blocked, id=23960, stack(0x00000035db400000,0x00000035db500000)]
  0x000001e5e91d2aa0 JavaThread "Stdin handler" [_thread_blocked, id=9864, stack(0x00000035db500000,0x00000035db600000)]
  0x000001e5e91d3910 JavaThread "Daemon client event forwarder" [_thread_blocked, id=2988, stack(0x00000035db600000,0x00000035db700000)]
  0x000001e5e91d5ac0 JavaThread "Cache worker for journal cache (C:\Users\Ivonn\.gradle\caches\journal-1)" [_thread_blocked, id=24552, stack(0x00000035dbe00000,0x00000035dbf00000)]
  0x000001e5e91d4780 JavaThread "File lock request listener" [_thread_in_native, id=23452, stack(0x00000035dbf00000,0x00000035dc000000)]
  0x000001e5e91d2f70 JavaThread "Cache worker for file hash cache (C:\Users\Ivonn\.gradle\caches\8.0\fileHashes)" [_thread_blocked, id=12312, stack(0x00000035dc000000,0x00000035dc100000)]
  0x000001e5e91d3440 JavaThread "File watcher server" daemon [_thread_in_native, id=13500, stack(0x00000035dc100000,0x00000035dc200000)]
  0x000001e5e91d3de0 JavaThread "File watcher consumer" daemon [_thread_blocked, id=3752, stack(0x00000035dc200000,0x00000035dc300000)]
  0x000001e5ea6a7520 JavaThread "jar transforms" [_thread_blocked, id=18028, stack(0x00000035dc300000,0x00000035dc400000)]
  0x000001e5ea6a2820 JavaThread "jar transforms Thread 2" [_thread_blocked, id=10100, stack(0x00000035dc400000,0x00000035dc500000)]
  0x000001e5ea6a2cf0 JavaThread "jar transforms Thread 3" [_thread_blocked, id=23220, stack(0x00000035dc500000,0x00000035dc600000)]
  0x000001e5ea6a31c0 JavaThread "jar transforms Thread 4" [_thread_in_Java, id=23608, stack(0x00000035dc600000,0x00000035dc700000)]
  0x000001e5ea6a3690 JavaThread "jar transforms Thread 5" [_thread_blocked, id=1828, stack(0x00000035dc700000,0x00000035dc800000)]
  0x000001e5ea6a3b60 JavaThread "jar transforms Thread 6" [_thread_blocked, id=5768, stack(0x00000035dc800000,0x00000035dc900000)]
  0x000001e5ea6a4030 JavaThread "jar transforms Thread 7" [_thread_blocked, id=11808, stack(0x00000035dc900000,0x00000035dca00000)]
  0x000001e5ea6a4500 JavaThread "jar transforms Thread 8" [_thread_blocked, id=18332, stack(0x00000035dca00000,0x00000035dcb00000)]
  0x000001e5ea6a49d0 JavaThread "jar transforms Thread 9" [_thread_blocked, id=21680, stack(0x00000035dcb00000,0x00000035dcc00000)]
  0x000001e5ea6a4ea0 JavaThread "jar transforms Thread 10" [_thread_blocked, id=11336, stack(0x00000035dcc00000,0x00000035dcd00000)]
  0x000001e5ea6a6b80 JavaThread "jar transforms Thread 11" [_thread_blocked, id=2496, stack(0x00000035dcd00000,0x00000035dce00000)]
  0x000001e5ea6a5370 JavaThread "jar transforms Thread 12" [_thread_blocked, id=16472, stack(0x00000035dce00000,0x00000035dcf00000)]
  0x000001e5ea6a19b0 JavaThread "Cache worker for checksums cache (C:\Users\Ivonn\OneDrive\Documentos\Tecnologia-Web-y-Movil\Proyecto\Proyecto-Movil\Novel-Visual(CodePen)\MyApp\.gradle\8.0\checksums)" [_thread_blocked, id=14696, stack(0x00000035dd000000,0x00000035dd100000)]
  0x000001e5ea6a7ec0 JavaThread "Cache worker for cache directory md-rule (C:\Users\Ivonn\.gradle\caches\8.0\md-rule)" [_thread_blocked, id=7676, stack(0x00000035dd100000,0x00000035dd200000)]
  0x000001e5ea6a66b0 JavaThread "Cache worker for file content cache (C:\Users\Ivonn\.gradle\caches\8.0\fileContent)" [_thread_blocked, id=19364, stack(0x00000035dd200000,0x00000035dd300000)]
  0x000001e5ea6a5d10 JavaThread "Cache worker for file hash cache (C:\Users\Ivonn\OneDrive\Documentos\Tecnologia-Web-y-Movil\Proyecto\Proyecto-Movil\Novel-Visual(CodePen)\MyApp\.gradle\8.0\fileHashes)" [_thread_blocked, id=7232, stack(0x00000035dd300000,0x00000035dd400000)]
  0x000001e5ea6a0b40 JavaThread "Cache worker for cache directory md-supplier (C:\Users\Ivonn\.gradle\caches\8.0\md-supplier)" [_thread_blocked, id=18088, stack(0x00000035dd400000,0x00000035dd500000)]
  0x000001e5ea6a1e80 JavaThread "Cache worker for execution history cache (C:\Users\Ivonn\.gradle\caches\8.0\executionHistory)" [_thread_blocked, id=19848, stack(0x00000035dd500000,0x00000035dd600000)]
  0x000001e5e9df0990 JavaThread "C2 CompilerThread1" daemon [_thread_in_native, id=22688, stack(0x00000035dcf00000,0x00000035dd000000)]

Other Threads:
  0x000001e5e6d266f0 VMThread "VM Thread" [stack: 0x00000035d9c00000,0x00000035d9d00000] [id=18040]
  0x000001e5ccb06890 WatcherThread [stack: 0x00000035da800000,0x00000035da900000] [id=17060]
  0x000001e5ccad2e10 GCTaskThread "GC Thread#0" [stack: 0x00000035d9700000,0x00000035d9800000] [id=17748]
  0x000001e5e7cecd50 GCTaskThread "GC Thread#1" [stack: 0x00000035daa00000,0x00000035dab00000] [id=20092]
  0x000001e5e8803c90 GCTaskThread "GC Thread#2" [stack: 0x00000035dab00000,0x00000035dac00000] [id=22648]
  0x000001e5e7cee990 GCTaskThread "GC Thread#3" [stack: 0x00000035dac00000,0x00000035dad00000] [id=22164]
  0x000001e5e85983a0 GCTaskThread "GC Thread#4" [stack: 0x00000035dad00000,0x00000035dae00000] [id=22888]
  0x000001e5e9de91f0 GCTaskThread "GC Thread#5" [stack: 0x00000035db700000,0x00000035db800000] [id=13764]
  0x000001e5e9317770 GCTaskThread "GC Thread#6" [stack: 0x00000035db800000,0x00000035db900000] [id=21212]
  0x000001e5e9317a20 GCTaskThread "GC Thread#7" [stack: 0x00000035db900000,0x00000035dba00000] [id=21120]
  0x000001e5e86ab3e0 GCTaskThread "GC Thread#8" [stack: 0x00000035dba00000,0x00000035dbb00000] [id=24488]
  0x000001e5ea0140d0 GCTaskThread "GC Thread#9" [stack: 0x00000035dbb00000,0x00000035dbc00000] [id=17136]
  0x000001e5ccae3d50 ConcurrentGCThread "G1 Main Marker" [stack: 0x00000035d9800000,0x00000035d9900000] [id=23560]
  0x000001e5ccae4760 ConcurrentGCThread "G1 Conc#0" [stack: 0x00000035d9900000,0x00000035d9a00000] [id=21984]
  0x000001e5e86ab690 ConcurrentGCThread "G1 Conc#1" [stack: 0x00000035dbc00000,0x00000035dbd00000] [id=4612]
  0x000001e5e86ab940 ConcurrentGCThread "G1 Conc#2" [stack: 0x00000035dbd00000,0x00000035dbe00000] [id=10572]
  0x000001e5e6b820d0 ConcurrentGCThread "G1 Refine#0" [stack: 0x00000035d9a00000,0x00000035d9b00000] [id=18228]
  0x000001e5e6b82af0 ConcurrentGCThread "G1 Service" [stack: 0x00000035d9b00000,0x00000035d9c00000] [id=12892]

Threads with active compile tasks:
C2 CompilerThread0    15128 4668 %     4       org.objectweb.asm.ClassReader::readCode @ 2186 (5109 bytes)
C2 CompilerThread1    15128 4706       4       org.objectweb.asm.ClassVisitor::visitInnerClass (20 bytes)

VM state: not at safepoint (normal execution)

VM Mutex/Monitor currently owned by a thread: None

Heap address: 0x0000000080000000, size: 2048 MB, Compressed Oops mode: 32-bit

CDS archive(s) not mapped
Compressed class space mapped at: 0x0000000100000000-0x0000000140000000, reserved size: 1073741824
Narrow klass base: 0x0000000000000000, Narrow klass shift: 3, Narrow klass range: 0x140000000

GC Precious Log:
 CPUs: 12 total, 12 available
 Memory: 7896M
 Large Page Support: Disabled
 NUMA Support: Disabled
 Compressed Oops: Enabled (32-bit)
 Heap Region Size: 1M
 Heap Min Capacity: 8M
 Heap Initial Capacity: 124M
 Heap Max Capacity: 2G
 Pre-touch: Disabled
 Parallel Workers: 10
 Concurrent Workers: 3
 Concurrent Refinement Workers: 10
 Periodic GC: Disabled

Heap:
 garbage-first heap   total 155648K, used 126954K [0x0000000080000000, 0x0000000100000000)
  region size 1024K, 64 young (65536K), 4 survivors (4096K)
 Metaspace       used 47049K, committed 47488K, reserved 1097728K
  class space    used 6201K, committed 6400K, reserved 1048576K

Heap Regions: E=young(eden), S=young(survivor), O=old, HS=humongous(starts), HC=humongous(continues), CS=collection set, F=free, OA=open archive, CA=closed archive, TAMS=top-at-mark-start (previous, next)
|   0|0x0000000080000000, 0x0000000080100000, 0x0000000080100000|100%|HS|  |TAMS 0x0000000080100000, 0x0000000080000000| Complete 
|   1|0x0000000080100000, 0x0000000080200000, 0x0000000080200000|100%|HC|  |TAMS 0x0000000080200000, 0x0000000080100000| Complete 
|   2|0x0000000080200000, 0x0000000080300000, 0x0000000080300000|100%|HC|  |TAMS 0x0000000080300000, 0x0000000080200000| Complete 
|   3|0x0000000080300000, 0x0000000080400000, 0x0000000080400000|100%|HC|  |TAMS 0x0000000080400000, 0x0000000080300000| Complete 
|   4|0x0000000080400000, 0x0000000080500000, 0x0000000080500000|100%| O|  |TAMS 0x0000000080500000, 0x0000000080400000| Untracked 
|   5|0x0000000080500000, 0x0000000080600000, 0x0000000080600000|100%| O|  |TAMS 0x0000000080600000, 0x0000000080500000| Untracked 
|   6|0x0000000080600000, 0x0000000080700000, 0x0000000080700000|100%| O|  |TAMS 0x0000000080700000, 0x0000000080600000| Untracked 
|   7|0x0000000080700000, 0x0000000080800000, 0x0000000080800000|100%| O|  |TAMS 0x0000000080800000, 0x0000000080700000| Untracked 
|   8|0x0000000080800000, 0x0000000080900000, 0x0000000080900000|100%| O|  |TAMS 0x0000000080900000, 0x0000000080800000| Untracked 
|   9|0x0000000080900000, 0x0000000080a00000, 0x0000000080a00000|100%| O|  |TAMS 0x0000000080a00000, 0x0000000080900000| Untracked 
|  10|0x0000000080a00000, 0x0000000080b00000, 0x0000000080b00000|100%| O|  |TAMS 0x0000000080b00000, 0x0000000080a00000| Untracked 
|  11|0x0000000080b00000, 0x0000000080b48e00, 0x0000000080c00000| 28%| O|  |TAMS 0x0000000080b48e00, 0x0000000080b00000| Untracked 
|  12|0x0000000080c00000, 0x0000000080d00000, 0x0000000080d00000|100%| O|  |TAMS 0x0000000080d00000, 0x0000000080c00000| Untracked 
|  13|0x0000000080d00000, 0x0000000080e00000, 0x0000000080e00000|100%| O|  |TAMS 0x0000000080e00000, 0x0000000080d00000| Untracked 
|  14|0x0000000080e00000, 0x0000000080f00000, 0x0000000080f00000|100%| O|  |TAMS 0x0000000080f00000, 0x0000000080e00000| Untracked 
|  15|0x0000000080f00000, 0x0000000081000000, 0x0000000081000000|100%| O|  |TAMS 0x0000000081000000, 0x0000000080f00000| Untracked 
|  16|0x0000000081000000, 0x0000000081100000, 0x0000000081100000|100%| O|  |TAMS 0x0000000081100000, 0x0000000081000000| Untracked 
|  17|0x0000000081100000, 0x0000000081200000, 0x0000000081200000|100%| O|  |TAMS 0x0000000081200000, 0x0000000081100000| Untracked 
|  18|0x0000000081200000, 0x0000000081300000, 0x0000000081300000|100%| O|  |TAMS 0x0000000081300000, 0x0000000081200000| Untracked 
|  19|0x0000000081300000, 0x0000000081400000, 0x0000000081400000|100%|HS|  |TAMS 0x0000000081400000, 0x0000000081300000| Complete 
|  20|0x0000000081400000, 0x0000000081500000, 0x0000000081500000|100%|HC|  |TAMS 0x0000000081500000, 0x0000000081400000| Complete 
|  21|0x0000000081500000, 0x0000000081600000, 0x0000000081600000|100%|HS|  |TAMS 0x0000000081600000, 0x0000000081500000| Complete 
|  22|0x0000000081600000, 0x0000000081700000, 0x0000000081700000|100%|HC|  |TAMS 0x0000000081700000, 0x0000000081600000| Complete 
|  23|0x0000000081700000, 0x0000000081800000, 0x0000000081800000|100%|HC|  |TAMS 0x0000000081800000, 0x0000000081700000| Complete 
|  24|0x0000000081800000, 0x0000000081900000, 0x0000000081900000|100%| O|  |TAMS 0x0000000081900000, 0x0000000081800000| Untracked 
|  25|0x0000000081900000, 0x0000000081a00000, 0x0000000081a00000|100%| O|  |TAMS 0x0000000081a00000, 0x0000000081900000| Untracked 
|  26|0x0000000081a00000, 0x0000000081b00000, 0x0000000081b00000|100%| O|  |TAMS 0x0000000081b00000, 0x0000000081a00000| Untracked 
|  27|0x0000000081b00000, 0x0000000081c00000, 0x0000000081c00000|100%| O|  |TAMS 0x0000000081c00000, 0x0000000081b00000| Untracked 
|  28|0x0000000081c00000, 0x0000000081d00000, 0x0000000081d00000|100%|HS|  |TAMS 0x0000000081d00000, 0x0000000081c00000| Complete 
|  29|0x0000000081d00000, 0x0000000081e00000, 0x0000000081e00000|100%|HC|  |TAMS 0x0000000081e00000, 0x0000000081d00000| Complete 
|  30|0x0000000081e00000, 0x0000000081f00000, 0x0000000081f00000|100%|HC|  |TAMS 0x0000000081f00000, 0x0000000081e00000| Complete 
|  31|0x0000000081f00000, 0x0000000082000000, 0x0000000082000000|100%| O|  |TAMS 0x0000000082000000, 0x0000000081f00000| Untracked 
|  32|0x0000000082000000, 0x0000000082100000, 0x0000000082100000|100%|HS|  |TAMS 0x0000000082100000, 0x0000000082000000| Complete 
|  33|0x0000000082100000, 0x0000000082200000, 0x0000000082200000|100%|HC|  |TAMS 0x0000000082200000, 0x0000000082100000| Complete 
|  34|0x0000000082200000, 0x0000000082300000, 0x0000000082300000|100%|HC|  |TAMS 0x0000000082300000, 0x0000000082200000| Complete 
|  35|0x0000000082300000, 0x0000000082400000, 0x0000000082400000|100%|HC|  |TAMS 0x0000000082400000, 0x0000000082300000| Complete 
|  36|0x0000000082400000, 0x0000000082500000, 0x0000000082500000|100%|HC|  |TAMS 0x0000000082500000, 0x0000000082400000| Complete 
|  37|0x0000000082500000, 0x0000000082600000, 0x0000000082600000|100%|HC|  |TAMS 0x0000000082600000, 0x0000000082500000| Complete 
|  38|0x0000000082600000, 0x0000000082700000, 0x0000000082700000|100%|HC|  |TAMS 0x0000000082700000, 0x0000000082600000| Complete 
|  39|0x0000000082700000, 0x0000000082800000, 0x0000000082800000|100%|HC|  |TAMS 0x0000000082800000, 0x0000000082700000| Complete 
|  40|0x0000000082800000, 0x0000000082900000, 0x0000000082900000|100%|HC|  |TAMS 0x0000000082900000, 0x0000000082800000| Complete 
|  41|0x0000000082900000, 0x0000000082a00000, 0x0000000082a00000|100%|HC|  |TAMS 0x0000000082a00000, 0x0000000082900000| Complete 
|  42|0x0000000082a00000, 0x0000000082b00000, 0x0000000082b00000|100%|HC|  |TAMS 0x0000000082b00000, 0x0000000082a00000| Complete 
|  43|0x0000000082b00000, 0x0000000082c00000, 0x0000000082c00000|100%|HC|  |TAMS 0x0000000082c00000, 0x0000000082b00000| Complete 
|  44|0x0000000082c00000, 0x0000000082d00000, 0x0000000082d00000|100%| O|  |TAMS 0x0000000082d00000, 0x0000000082c00000| Untracked 
|  45|0x0000000082d00000, 0x0000000082e00000, 0x0000000082e00000|100%|HS|  |TAMS 0x0000000082e00000, 0x0000000082d00000| Complete 
|  46|0x0000000082e00000, 0x0000000082f00000, 0x0000000082f00000|100%|HC|  |TAMS 0x0000000082f00000, 0x0000000082e00000| Complete 
|  47|0x0000000082f00000, 0x0000000083000000, 0x0000000083000000|100%|HS|  |TAMS 0x0000000082f00000, 0x0000000082f00000| Complete 
|  48|0x0000000083000000, 0x0000000083100000, 0x0000000083100000|100%| O|  |TAMS 0x0000000083100000, 0x0000000083000000| Untracked 
|  49|0x0000000083100000, 0x0000000083174c00, 0x0000000083200000| 45%| O|  |TAMS 0x0000000083174c00, 0x0000000083100000| Untracked 
|  50|0x0000000083200000, 0x0000000083300000, 0x0000000083300000|100%| O|  |TAMS 0x0000000083300000, 0x0000000083200000| Untracked 
|  51|0x0000000083300000, 0x0000000083400000, 0x0000000083400000|100%| O|  |TAMS 0x0000000083400000, 0x0000000083300000| Untracked 
|  52|0x0000000083400000, 0x0000000083500000, 0x0000000083500000|100%|HS|  |TAMS 0x0000000083500000, 0x0000000083400000| Complete 
|  53|0x0000000083500000, 0x0000000083600000, 0x0000000083600000|100%|HC|  |TAMS 0x0000000083600000, 0x0000000083500000| Complete 
|  54|0x0000000083600000, 0x0000000083700000, 0x0000000083700000|100%|HC|  |TAMS 0x0000000083700000, 0x0000000083600000| Complete 
|  55|0x0000000083700000, 0x0000000083800000, 0x0000000083800000|100%| O|  |TAMS 0x0000000083800000, 0x0000000083700000| Untracked 
|  56|0x0000000083800000, 0x0000000083900000, 0x0000000083900000|100%| O|  |TAMS 0x0000000083900000, 0x0000000083800000| Untracked 
|  57|0x0000000083900000, 0x0000000083a00000, 0x0000000083a00000|100%| O|  |TAMS 0x0000000083a00000, 0x0000000083900000| Untracked 
|  58|0x0000000083a00000, 0x0000000083b00000, 0x0000000083b00000|100%| O|  |TAMS 0x0000000083b00000, 0x0000000083a00000| Untracked 
|  59|0x0000000083b00000, 0x0000000083c00000, 0x0000000083c00000|100%| O|  |TAMS 0x0000000083c00000, 0x0000000083b00000| Untracked 
|  60|0x0000000083c00000, 0x0000000083d00000, 0x0000000083d00000|100%| O|  |TAMS 0x0000000083d00000, 0x0000000083c00000| Untracked 
|  61|0x0000000083d00000, 0x0000000083e00000, 0x0000000083e00000|100%| O|  |TAMS 0x0000000083e00000, 0x0000000083d00000| Untracked 
|  62|0x0000000083e00000, 0x0000000083f00000, 0x0000000083f00000|100%|HS|  |TAMS 0x0000000083e00000, 0x0000000083e00000| Complete 
|  63|0x0000000083f00000, 0x0000000083f00000, 0x0000000084000000|  0%| F|  |TAMS 0x0000000083f00000, 0x0000000083f00000| Untracked 
|  64|0x0000000084000000, 0x0000000084000000, 0x0000000084100000|  0%| F|  |TAMS 0x0000000084000000, 0x0000000084000000| Untracked 
|  65|0x0000000084100000, 0x0000000084100000, 0x0000000084200000|  0%| F|  |TAMS 0x0000000084100000, 0x0000000084100000| Untracked 
|  66|0x0000000084200000, 0x0000000084200000, 0x0000000084300000|  0%| F|  |TAMS 0x0000000084200000, 0x0000000084200000| Untracked 
|  67|0x0000000084300000, 0x0000000084300000, 0x0000000084400000|  0%| F|  |TAMS 0x0000000084300000, 0x0000000084300000| Untracked 
|  68|0x0000000084400000, 0x0000000084400000, 0x0000000084500000|  0%| F|  |TAMS 0x0000000084400000, 0x0000000084400000| Untracked 
|  69|0x0000000084500000, 0x0000000084500000, 0x0000000084600000|  0%| F|  |TAMS 0x0000000084500000, 0x0000000084500000| Untracked 
|  70|0x0000000084600000, 0x0000000084600000, 0x0000000084700000|  0%| F|  |TAMS 0x0000000084600000, 0x0000000084600000| Untracked 
|  71|0x0000000084700000, 0x0000000084700000, 0x0000000084800000|  0%| F|  |TAMS 0x0000000084700000, 0x0000000084700000| Untracked 
|  72|0x0000000084800000, 0x0000000084800000, 0x0000000084900000|  0%| F|  |TAMS 0x0000000084800000, 0x0000000084800000| Untracked 
|  73|0x0000000084900000, 0x0000000084900000, 0x0000000084a00000|  0%| F|  |TAMS 0x0000000084900000, 0x0000000084900000| Untracked 
|  74|0x0000000084a00000, 0x0000000084a00000, 0x0000000084b00000|  0%| F|  |TAMS 0x0000000084a00000, 0x0000000084a00000| Untracked 
|  75|0x0000000084b00000, 0x0000000084b00000, 0x0000000084c00000|  0%| F|  |TAMS 0x0000000084b00000, 0x0000000084b00000| Untracked 
|  76|0x0000000084c00000, 0x0000000084c00000, 0x0000000084d00000|  0%| F|  |TAMS 0x0000000084c00000, 0x0000000084c00000| Untracked 
|  77|0x0000000084d00000, 0x0000000084d00000, 0x0000000084e00000|  0%| F|  |TAMS 0x0000000084d00000, 0x0000000084d00000| Untracked 
|  78|0x0000000084e00000, 0x0000000084e3d130, 0x0000000084f00000| 23%| S|CS|TAMS 0x0000000084e00000, 0x0000000084e00000| Complete 
|  79|0x0000000084f00000, 0x0000000085000000, 0x0000000085000000|100%| S|CS|TAMS 0x0000000084f00000, 0x0000000084f00000| Complete 
|  80|0x0000000085000000, 0x0000000085000000, 0x0000000085100000|  0%| F|  |TAMS 0x0000000085000000, 0x0000000085000000| Untracked 
|  81|0x0000000085100000, 0x0000000085100000, 0x0000000085200000|  0%| F|  |TAMS 0x0000000085100000, 0x0000000085100000| Untracked 
|  82|0x0000000085200000, 0x0000000085200000, 0x0000000085300000|  0%| F|  |TAMS 0x0000000085200000, 0x0000000085200000| Untracked 
|  83|0x0000000085300000, 0x0000000085400000, 0x0000000085400000|100%| S|CS|TAMS 0x0000000085300000, 0x0000000085300000| Complete 
|  84|0x0000000085400000, 0x0000000085500000, 0x0000000085500000|100%| S|CS|TAMS 0x0000000085400000, 0x0000000085400000| Complete 
|  85|0x0000000085500000, 0x0000000085500000, 0x0000000085600000|  0%| F|  |TAMS 0x0000000085500000, 0x0000000085500000| Untracked 
|  86|0x0000000085600000, 0x0000000085600000, 0x0000000085700000|  0%| F|  |TAMS 0x0000000085600000, 0x0000000085600000| Untracked 
|  87|0x0000000085700000, 0x0000000085700000, 0x0000000085800000|  0%| F|  |TAMS 0x0000000085700000, 0x0000000085700000| Untracked 
|  88|0x0000000085800000, 0x0000000085800000, 0x0000000085900000|  0%| F|  |TAMS 0x0000000085800000, 0x0000000085800000| Untracked 
|  89|0x0000000085900000, 0x0000000085900000, 0x0000000085a00000|  0%| F|  |TAMS 0x0000000085900000, 0x0000000085900000| Untracked 
|  90|0x0000000085a00000, 0x0000000085a00000, 0x0000000085b00000|  0%| F|  |TAMS 0x0000000085a00000, 0x0000000085a00000| Untracked 
|  91|0x0000000085b00000, 0x0000000085b00000, 0x0000000085c00000|  0%| F|  |TAMS 0x0000000085b00000, 0x0000000085b00000| Untracked 
|  92|0x0000000085c00000, 0x0000000085d00000, 0x0000000085d00000|100%| E|  |TAMS 0x0000000085c00000, 0x0000000085c00000| Complete 
|  93|0x0000000085d00000, 0x0000000085e00000, 0x0000000085e00000|100%| E|CS|TAMS 0x0000000085d00000, 0x0000000085d00000| Complete 
|  94|0x0000000085e00000, 0x0000000085f00000, 0x0000000085f00000|100%| E|CS|TAMS 0x0000000085e00000, 0x0000000085e00000| Complete 
|  95|0x0000000085f00000, 0x0000000086000000, 0x0000000086000000|100%| E|CS|TAMS 0x0000000085f00000, 0x0000000085f00000| Complete 
|  96|0x0000000086000000, 0x0000000086100000, 0x0000000086100000|100%| E|CS|TAMS 0x0000000086000000, 0x0000000086000000| Complete 
|  97|0x0000000086100000, 0x0000000086200000, 0x0000000086200000|100%| E|CS|TAMS 0x0000000086100000, 0x0000000086100000| Complete 
|  98|0x0000000086200000, 0x0000000086300000, 0x0000000086300000|100%| E|CS|TAMS 0x0000000086200000, 0x0000000086200000| Complete 
|  99|0x0000000086300000, 0x0000000086400000, 0x0000000086400000|100%| E|CS|TAMS 0x0000000086300000, 0x0000000086300000| Complete 
| 100|0x0000000086400000, 0x0000000086500000, 0x0000000086500000|100%| E|CS|TAMS 0x0000000086400000, 0x0000000086400000| Complete 
| 101|0x0000000086500000, 0x0000000086600000, 0x0000000086600000|100%| E|CS|TAMS 0x0000000086500000, 0x0000000086500000| Complete 
| 102|0x0000000086600000, 0x0000000086700000, 0x0000000086700000|100%| E|CS|TAMS 0x0000000086600000, 0x0000000086600000| Complete 
| 103|0x0000000086700000, 0x0000000086800000, 0x0000000086800000|100%| E|CS|TAMS 0x0000000086700000, 0x0000000086700000| Complete 
| 104|0x0000000086800000, 0x0000000086900000, 0x0000000086900000|100%| E|CS|TAMS 0x0000000086800000, 0x0000000086800000| Complete 
| 105|0x0000000086900000, 0x0000000086a00000, 0x0000000086a00000|100%| E|CS|TAMS 0x0000000086900000, 0x0000000086900000| Complete 
| 106|0x0000000086a00000, 0x0000000086b00000, 0x0000000086b00000|100%| E|CS|TAMS 0x0000000086a00000, 0x0000000086a00000| Complete 
| 107|0x0000000086b00000, 0x0000000086c00000, 0x0000000086c00000|100%| E|CS|TAMS 0x0000000086b00000, 0x0000000086b00000| Complete 
| 108|0x0000000086c00000, 0x0000000086d00000, 0x0000000086d00000|100%| E|CS|TAMS 0x0000000086c00000, 0x0000000086c00000| Complete 
| 109|0x0000000086d00000, 0x0000000086e00000, 0x0000000086e00000|100%| E|CS|TAMS 0x0000000086d00000, 0x0000000086d00000| Complete 
| 110|0x0000000086e00000, 0x0000000086f00000, 0x0000000086f00000|100%| E|CS|TAMS 0x0000000086e00000, 0x0000000086e00000| Complete 
| 111|0x0000000086f00000, 0x0000000087000000, 0x0000000087000000|100%| E|CS|TAMS 0x0000000086f00000, 0x0000000086f00000| Complete 
| 112|0x0000000087000000, 0x0000000087100000, 0x0000000087100000|100%| E|CS|TAMS 0x0000000087000000, 0x0000000087000000| Complete 
| 113|0x0000000087100000, 0x0000000087200000, 0x0000000087200000|100%| E|CS|TAMS 0x0000000087100000, 0x0000000087100000| Complete 
| 114|0x0000000087200000, 0x0000000087300000, 0x0000000087300000|100%| E|CS|TAMS 0x0000000087200000, 0x0000000087200000| Complete 
| 115|0x0000000087300000, 0x0000000087400000, 0x0000000087400000|100%| E|CS|TAMS 0x0000000087300000, 0x0000000087300000| Complete 
| 116|0x0000000087400000, 0x0000000087500000, 0x0000000087500000|100%| E|CS|TAMS 0x0000000087400000, 0x0000000087400000| Complete 
| 117|0x0000000087500000, 0x0000000087600000, 0x0000000087600000|100%| E|CS|TAMS 0x0000000087500000, 0x0000000087500000| Complete 
| 118|0x0000000087600000, 0x0000000087700000, 0x0000000087700000|100%| E|CS|TAMS 0x0000000087600000, 0x0000000087600000| Complete 
| 119|0x0000000087700000, 0x0000000087800000, 0x0000000087800000|100%| E|CS|TAMS 0x0000000087700000, 0x0000000087700000| Complete 
| 120|0x0000000087800000, 0x0000000087900000, 0x0000000087900000|100%| E|CS|TAMS 0x0000000087800000, 0x0000000087800000| Complete 
| 121|0x0000000087900000, 0x0000000087a00000, 0x0000000087a00000|100%| E|CS|TAMS 0x0000000087900000, 0x0000000087900000| Complete 
| 122|0x0000000087a00000, 0x0000000087b00000, 0x0000000087b00000|100%| E|CS|TAMS 0x0000000087a00000, 0x0000000087a00000| Complete 
| 123|0x0000000087b00000, 0x0000000087c00000, 0x0000000087c00000|100%| E|CS|TAMS 0x0000000087b00000, 0x0000000087b00000| Complete 
| 124|0x0000000087c00000, 0x0000000087d00000, 0x0000000087d00000|100%| E|CS|TAMS 0x0000000087c00000, 0x0000000087c00000| Complete 
| 125|0x0000000087d00000, 0x0000000087e00000, 0x0000000087e00000|100%| E|CS|TAMS 0x0000000087d00000, 0x0000000087d00000| Complete 
| 126|0x0000000087e00000, 0x0000000087f00000, 0x0000000087f00000|100%| E|CS|TAMS 0x0000000087e00000, 0x0000000087e00000| Complete 
| 127|0x0000000087f00000, 0x0000000088000000, 0x0000000088000000|100%| E|CS|TAMS 0x0000000087f00000, 0x0000000087f00000| Complete 
| 128|0x0000000088000000, 0x0000000088100000, 0x0000000088100000|100%| E|CS|TAMS 0x0000000088000000, 0x0000000088000000| Complete 
| 129|0x0000000088100000, 0x0000000088200000, 0x0000000088200000|100%| E|CS|TAMS 0x0000000088100000, 0x0000000088100000| Complete 
| 130|0x0000000088200000, 0x0000000088300000, 0x0000000088300000|100%| E|CS|TAMS 0x0000000088200000, 0x0000000088200000| Complete 
| 131|0x0000000088300000, 0x0000000088400000, 0x0000000088400000|100%| E|CS|TAMS 0x0000000088300000, 0x0000000088300000| Complete 
| 132|0x0000000088400000, 0x0000000088500000, 0x0000000088500000|100%| E|CS|TAMS 0x0000000088400000, 0x0000000088400000| Complete 
| 133|0x0000000088500000, 0x0000000088600000, 0x0000000088600000|100%| E|CS|TAMS 0x0000000088500000, 0x0000000088500000| Complete 
| 134|0x0000000088600000, 0x0000000088700000, 0x0000000088700000|100%| E|CS|TAMS 0x0000000088600000, 0x0000000088600000| Complete 
| 135|0x0000000088700000, 0x0000000088800000, 0x0000000088800000|100%| E|CS|TAMS 0x0000000088700000, 0x0000000088700000| Complete 
| 136|0x0000000088800000, 0x0000000088900000, 0x0000000088900000|100%| E|CS|TAMS 0x0000000088800000, 0x0000000088800000| Complete 
| 137|0x0000000088900000, 0x0000000088a00000, 0x0000000088a00000|100%| E|CS|TAMS 0x0000000088900000, 0x0000000088900000| Complete 
| 138|0x0000000088a00000, 0x0000000088b00000, 0x0000000088b00000|100%| E|CS|TAMS 0x0000000088a00000, 0x0000000088a00000| Complete 
| 139|0x0000000088b00000, 0x0000000088c00000, 0x0000000088c00000|100%| E|CS|TAMS 0x0000000088b00000, 0x0000000088b00000| Complete 
| 140|0x0000000088c00000, 0x0000000088d00000, 0x0000000088d00000|100%| E|CS|TAMS 0x0000000088c00000, 0x0000000088c00000| Complete 
| 141|0x0000000088d00000, 0x0000000088e00000, 0x0000000088e00000|100%| E|CS|TAMS 0x0000000088d00000, 0x0000000088d00000| Complete 
| 142|0x0000000088e00000, 0x0000000088f00000, 0x0000000088f00000|100%| E|CS|TAMS 0x0000000088e00000, 0x0000000088e00000| Complete 
| 143|0x0000000088f00000, 0x0000000089000000, 0x0000000089000000|100%| E|CS|TAMS 0x0000000088f00000, 0x0000000088f00000| Complete 
| 144|0x0000000089000000, 0x0000000089100000, 0x0000000089100000|100%| E|CS|TAMS 0x0000000089000000, 0x0000000089000000| Complete 
| 145|0x0000000089100000, 0x0000000089200000, 0x0000000089200000|100%| E|CS|TAMS 0x0000000089100000, 0x0000000089100000| Complete 
| 146|0x0000000089200000, 0x0000000089300000, 0x0000000089300000|100%| E|CS|TAMS 0x0000000089200000, 0x0000000089200000| Complete 
| 147|0x0000000089300000, 0x0000000089400000, 0x0000000089400000|100%| E|CS|TAMS 0x0000000089300000, 0x0000000089300000| Complete 
| 148|0x0000000089400000, 0x0000000089500000, 0x0000000089500000|100%| E|CS|TAMS 0x0000000089400000, 0x0000000089400000| Complete 
| 149|0x0000000089500000, 0x0000000089600000, 0x0000000089600000|100%| E|CS|TAMS 0x0000000089500000, 0x0000000089500000| Complete 
| 150|0x0000000089600000, 0x0000000089700000, 0x0000000089700000|100%| E|CS|TAMS 0x0000000089600000, 0x0000000089600000| Complete 
| 151|0x0000000089700000, 0x0000000089800000, 0x0000000089800000|100%| E|CS|TAMS 0x0000000089700000, 0x0000000089700000| Complete 

Card table byte_map: [0x000001e5df890000,0x000001e5dfc90000] _byte_map_base: 0x000001e5df490000

Marking Bits (Prev, Next): (CMBitMap*) 0x000001e5ccad3460, (CMBitMap*) 0x000001e5ccad3420
 Prev Bits: [0x000001e5e2090000, 0x000001e5e4090000)
 Next Bits: [0x000001e5e0090000, 0x000001e5e2090000)

Polling page: 0x000001e5caa50000

Metaspace:

Usage:
  Non-class:     39.89 MB used.
      Class:      6.06 MB used.
       Both:     45.95 MB used.

Virtual space:
  Non-class space:       48.00 MB reserved,      40.12 MB ( 84%) committed,  6 nodes.
      Class space:        1.00 GB reserved,       6.25 MB ( <1%) committed,  1 nodes.
             Both:        1.05 GB reserved,      46.38 MB (  4%) committed. 

Chunk freelists:
   Non-Class:  3.88 MB
       Class:  1.60 MB
        Both:  5.47 MB

MaxMetaspaceSize: unlimited
CompressedClassSpaceSize: 1.00 GB
Initial GC threshold: 21.00 MB
Current GC threshold: 77.19 MB
CDS: off
MetaspaceReclaimPolicy: balanced
 - commit_granule_bytes: 65536.
 - commit_granule_words: 8192.
 - virtual_space_node_default_size: 1048576.
 - enlarge_chunks_in_place: 1.
 - new_chunks_are_fully_committed: 0.
 - uncommit_free_chunks: 1.
 - use_allocation_guard: 0.
 - handle_deallocations: 1.


Internal statistics:

num_allocs_failed_limit: 3.
num_arena_births: 428.
num_arena_deaths: 0.
num_vsnodes_births: 7.
num_vsnodes_deaths: 0.
num_space_committed: 742.
num_space_uncommitted: 0.
num_chunks_returned_to_freelist: 3.
num_chunks_taken_from_freelist: 1858.
num_chunk_merges: 3.
num_chunk_splits: 1214.
num_chunks_enlarged: 839.
num_purges: 0.
num_inconsistent_stats: 0.

CodeHeap 'non-profiled nmethods': size=120000Kb used=2446Kb max_used=3089Kb free=117553Kb
 bounds [0x000001e5d7a10000, 0x000001e5d7d20000, 0x000001e5def40000]
CodeHeap 'profiled nmethods': size=120000Kb used=7781Kb max_used=9596Kb free=112219Kb
 bounds [0x000001e5cff40000, 0x000001e5d08a0000, 0x000001e5d7470000]
CodeHeap 'non-nmethods': size=5760Kb used=2299Kb max_used=2378Kb free=3460Kb
 bounds [0x000001e5d7470000, 0x000001e5d76e0000, 0x000001e5d7a10000]
 total_blobs=4762 nmethods=3949 adapters=725
 compilation: enabled
              stopped_count=0, restarted_count=0
 full_count=0

Compilation events (20 events):
Event: 14.872 Thread 0x000001e5e9df0990 nmethod 4258 0x000001e5d7cae510 code [0x000001e5d7cae720, 0x000001e5d7caf340]
Event: 14.872 Thread 0x000001e5e9df0990 4702       4       java.nio.ByteBuffer::allocate (20 bytes)
Event: 14.877 Thread 0x000001e5e9df0990 nmethod 4702 0x000001e5d7ab4c90 code [0x000001e5d7ab4e20, 0x000001e5d7ab50b8]
Event: 14.877 Thread 0x000001e5e9df0990 4703       4       java.nio.HeapByteBuffer::<init> (21 bytes)
Event: 14.885 Thread 0x000001e5e9df0990 nmethod 4703 0x000001e5d7be0b90 code [0x000001e5d7be0d20, 0x000001e5d7be1158]
Event: 14.885 Thread 0x000001e5e9df0990 4704       4       java.nio.ByteBuffer::position (6 bytes)
Event: 14.886 Thread 0x000001e5e9df0990 nmethod 4704 0x000001e5d7ad3410 code [0x000001e5d7ad35a0, 0x000001e5d7ad3698]
Event: 14.886 Thread 0x000001e5e9df0990 4705       4       org.apache.commons.compress.archivers.zip.ZipLong::putLong (8 bytes)
Event: 14.889 Thread 0x000001e5e9df0990 nmethod 4705 0x000001e5d7c63610 code [0x000001e5d7c63780, 0x000001e5d7c63858]
Event: 14.889 Thread 0x000001e5e9df0990 4483       4       org.objectweb.asm.SymbolTable::addConstantMethodref (24 bytes)
Event: 14.890 Thread 0x000001e5e9df0990 nmethod 4483 0x000001e5d7a19710 code [0x000001e5d7a198a0, 0x000001e5d7a19968]
Event: 14.890 Thread 0x000001e5e9df0990 4491       4       org.objectweb.asm.MethodWriter::visitMethodInsn (191 bytes)
Event: 14.901 Thread 0x000001e5e783a8a0 4707 %     3       org.objectweb.asm.SymbolTable::addConstantUtf8Reference @ 13 (101 bytes)
Event: 14.902 Thread 0x000001e5e783a8a0 nmethod 4707% 0x000001e5d005b210 code [0x000001e5d005b440, 0x000001e5d005bb58]
Event: 14.903 Thread 0x000001e5e783a8a0 4708       3       org.objectweb.asm.SymbolTable::addConstantUtf8Reference (101 bytes)
Event: 14.904 Thread 0x000001e5e783a8a0 nmethod 4708 0x000001e5d01d3f90 code [0x000001e5d01d41a0, 0x000001e5d01d4778]
Event: 14.907 Thread 0x000001e5e783a8a0 4710       2       org.objectweb.asm.SymbolTable::addConstantDouble (11 bytes)
Event: 14.907 Thread 0x000001e5e783a8a0 nmethod 4710 0x000001e5d007b710 code [0x000001e5d007b8a0, 0x000001e5d007b9c8]
Event: 14.970 Thread 0x000001e5e9df0990 nmethod 4491 0x000001e5d7c8f510 code [0x000001e5d7c8f740, 0x000001e5d7c91090]
Event: 14.970 Thread 0x000001e5e9df0990 4706       4       org.objectweb.asm.ClassVisitor::visitInnerClass (20 bytes)

GC Heap History (20 events):
Event: 10.358 GC heap before
{Heap before GC invocations=14 (full 0):
 garbage-first heap   total 129024K, used 62224K [0x0000000080000000, 0x0000000100000000)
  region size 1024K, 5 young (5120K), 2 survivors (2048K)
 Metaspace       used 47013K, committed 47424K, reserved 1097728K
  class space    used 6193K, committed 6400K, reserved 1048576K
}
Event: 10.363 GC heap after
{Heap after GC invocations=15 (full 0):
 garbage-first heap   total 129024K, used 61062K [0x0000000080000000, 0x0000000100000000)
  region size 1024K, 2 young (2048K), 2 survivors (2048K)
 Metaspace       used 47013K, committed 47424K, reserved 1097728K
  class space    used 6193K, committed 6400K, reserved 1048576K
}
Event: 10.498 GC heap before
{Heap before GC invocations=16 (full 0):
 garbage-first heap   total 129024K, used 70278K [0x0000000080000000, 0x0000000100000000)
  region size 1024K, 11 young (11264K), 2 survivors (2048K)
 Metaspace       used 47013K, committed 47424K, reserved 1097728K
  class space    used 6193K, committed 6400K, reserved 1048576K
}
Event: 10.506 GC heap after
{Heap after GC invocations=17 (full 0):
 garbage-first heap   total 129024K, used 64144K [0x0000000080000000, 0x0000000100000000)
  region size 1024K, 5 young (5120K), 5 survivors (5120K)
 Metaspace       used 47013K, committed 47424K, reserved 1097728K
  class space    used 6193K, committed 6400K, reserved 1048576K
}
Event: 10.848 GC heap before
{Heap before GC invocations=18 (full 0):
 garbage-first heap   total 129024K, used 99984K [0x0000000080000000, 0x0000000100000000)
  region size 1024K, 39 young (39936K), 5 survivors (5120K)
 Metaspace       used 47013K, committed 47424K, reserved 1097728K
  class space    used 6193K, committed 6400K, reserved 1048576K
}
Event: 10.851 GC heap after
{Heap after GC invocations=19 (full 0):
 garbage-first heap   total 129024K, used 61768K [0x0000000080000000, 0x0000000100000000)
  region size 1024K, 1 young (1024K), 1 survivors (1024K)
 Metaspace       used 47013K, committed 47424K, reserved 1097728K
  class space    used 6193K, committed 6400K, reserved 1048576K
}
Event: 11.154 GC heap before
{Heap before GC invocations=19 (full 0):
 garbage-first heap   total 129024K, used 99656K [0x0000000080000000, 0x0000000100000000)
  region size 1024K, 39 young (39936K), 1 survivors (1024K)
 Metaspace       used 47013K, committed 47424K, reserved 1097728K
  class space    used 6193K, committed 6400K, reserved 1048576K
}
Event: 11.156 GC heap after
{Heap after GC invocations=20 (full 0):
 garbage-first heap   total 129024K, used 61837K [0x0000000080000000, 0x0000000100000000)
  region size 1024K, 1 young (1024K), 1 survivors (1024K)
 Metaspace       used 47013K, committed 47424K, reserved 1097728K
  class space    used 6193K, committed 6400K, reserved 1048576K
}
Event: 11.523 GC heap before
{Heap before GC invocations=21 (full 0):
 garbage-first heap   total 129024K, used 102797K [0x0000000080000000, 0x0000000100000000)
  region size 1024K, 41 young (41984K), 1 survivors (1024K)
 Metaspace       used 47013K, committed 47424K, reserved 1097728K
  class space    used 6193K, committed 6400K, reserved 1048576K
}
Event: 11.526 GC heap after
{Heap after GC invocations=22 (full 0):
 garbage-first heap   total 129024K, used 62277K [0x0000000080000000, 0x0000000100000000)
  region size 1024K, 2 young (2048K), 2 survivors (2048K)
 Metaspace       used 47013K, committed 47424K, reserved 1097728K
  class space    used 6193K, committed 6400K, reserved 1048576K
}
Event: 11.928 GC heap before
{Heap before GC invocations=22 (full 0):
 garbage-first heap   total 129024K, used 104261K [0x0000000080000000, 0x0000000100000000)
  region size 1024K, 43 young (44032K), 2 survivors (2048K)
 Metaspace       used 47013K, committed 47424K, reserved 1097728K
  class space    used 6193K, committed 6400K, reserved 1048576K
}
Event: 11.930 GC heap after
{Heap after GC invocations=23 (full 0):
 garbage-first heap   total 129024K, used 62440K [0x0000000080000000, 0x0000000100000000)
  region size 1024K, 2 young (2048K), 2 survivors (2048K)
 Metaspace       used 47013K, committed 47424K, reserved 1097728K
  class space    used 6193K, committed 6400K, reserved 1048576K
}
Event: 12.420 GC heap before
{Heap before GC invocations=24 (full 0):
 garbage-first heap   total 129024K, used 105448K [0x0000000080000000, 0x0000000100000000)
  region size 1024K, 44 young (45056K), 2 survivors (2048K)
 Metaspace       used 47013K, committed 47424K, reserved 1097728K
  class space    used 6193K, committed 6400K, reserved 1048576K
}
Event: 12.423 GC heap after
{Heap after GC invocations=25 (full 0):
 garbage-first heap   total 155648K, used 62818K [0x0000000080000000, 0x0000000100000000)
  region size 1024K, 2 young (2048K), 2 survivors (2048K)
 Metaspace       used 47013K, committed 47424K, reserved 1097728K
  class space    used 6193K, committed 6400K, reserved 1048576K
}
Event: 12.946 GC heap before
{Heap before GC invocations=25 (full 0):
 garbage-first heap   total 155648K, used 128354K [0x0000000080000000, 0x0000000100000000)
  region size 1024K, 66 young (67584K), 2 survivors (2048K)
 Metaspace       used 47039K, committed 47488K, reserved 1097728K
  class space    used 6201K, committed 6400K, reserved 1048576K
}
Event: 12.950 GC heap after
{Heap after GC invocations=26 (full 0):
 garbage-first heap   total 155648K, used 63421K [0x0000000080000000, 0x0000000100000000)
  region size 1024K, 3 young (3072K), 3 survivors (3072K)
 Metaspace       used 47039K, committed 47488K, reserved 1097728K
  class space    used 6201K, committed 6400K, reserved 1048576K
}
Event: 13.691 GC heap before
{Heap before GC invocations=26 (full 0):
 garbage-first heap   total 155648K, used 131005K [0x0000000080000000, 0x0000000100000000)
  region size 1024K, 69 young (70656K), 3 survivors (3072K)
 Metaspace       used 47044K, committed 47488K, reserved 1097728K
  class space    used 6201K, committed 6400K, reserved 1048576K
}
Event: 13.696 GC heap after
{Heap after GC invocations=27 (full 0):
 garbage-first heap   total 155648K, used 63971K [0x0000000080000000, 0x0000000100000000)
  region size 1024K, 3 young (3072K), 3 survivors (3072K)
 Metaspace       used 47044K, committed 47488K, reserved 1097728K
  class space    used 6201K, committed 6400K, reserved 1048576K
}
Event: 14.598 GC heap before
{Heap before GC invocations=27 (full 0):
 garbage-first heap   total 155648K, used 132579K [0x0000000080000000, 0x0000000100000000)
  region size 1024K, 70 young (71680K), 3 survivors (3072K)
 Metaspace       used 47049K, committed 47488K, reserved 1097728K
  class space    used 6201K, committed 6400K, reserved 1048576K
}
Event: 14.601 GC heap after
{Heap after GC invocations=28 (full 0):
 garbage-first heap   total 155648K, used 64490K [0x0000000080000000, 0x0000000100000000)
  region size 1024K, 4 young (4096K), 4 survivors (4096K)
 Metaspace       used 47049K, committed 47488K, reserved 1097728K
  class space    used 6201K, committed 6400K, reserved 1048576K
}

Dll operation events (2 events):
Event: 0.011 Loaded shared library C:\Program Files\Android\Android Studio\jbr\bin\java.dll
Event: 0.702 Loaded shared library C:\Program Files\Android\Android Studio\jbr\bin\verify.dll

Deoptimization events (20 events):
Event: 14.844 Thread 0x000001e5ea6a31c0 DEOPT PACKING pc=0x000001e5cffbdbf0 sp=0x00000035dc6fe980
Event: 14.844 Thread 0x000001e5ea6a31c0 DEOPT UNPACKING pc=0x000001e5d74c7143 sp=0x00000035dc6fde60 mode 0
Event: 14.871 Thread 0x000001e5ea6a31c0 DEOPT PACKING pc=0x000001e5cffbdbf0 sp=0x00000035dc6fe980
Event: 14.871 Thread 0x000001e5ea6a31c0 DEOPT UNPACKING pc=0x000001e5d74c7143 sp=0x00000035dc6fde60 mode 0
Event: 14.893 Thread 0x000001e5ea6a31c0 DEOPT PACKING pc=0x000001e5cffbdbf0 sp=0x00000035dc6fe980
Event: 14.893 Thread 0x000001e5ea6a31c0 DEOPT UNPACKING pc=0x000001e5d74c7143 sp=0x00000035dc6fde60 mode 0
Event: 14.920 Thread 0x000001e5ea6a31c0 DEOPT PACKING pc=0x000001e5cffbdbf0 sp=0x00000035dc6fe980
Event: 14.920 Thread 0x000001e5ea6a31c0 DEOPT UNPACKING pc=0x000001e5d74c7143 sp=0x00000035dc6fde60 mode 0
Event: 14.944 Thread 0x000001e5ea6a31c0 DEOPT PACKING pc=0x000001e5cffbdbf0 sp=0x00000035dc6fe980
Event: 14.944 Thread 0x000001e5ea6a31c0 DEOPT UNPACKING pc=0x000001e5d74c7143 sp=0x00000035dc6fde60 mode 0
Event: 14.971 Thread 0x000001e5ea6a31c0 DEOPT PACKING pc=0x000001e5cffbdbf0 sp=0x00000035dc6fe980
Event: 14.971 Thread 0x000001e5ea6a31c0 DEOPT UNPACKING pc=0x000001e5d74c7143 sp=0x00000035dc6fde60 mode 0
Event: 14.981 Thread 0x000001e5ea6a31c0 DEOPT PACKING pc=0x000001e5cffbdbf0 sp=0x00000035dc6fe980
Event: 14.981 Thread 0x000001e5ea6a31c0 DEOPT UNPACKING pc=0x000001e5d74c7143 sp=0x00000035dc6fde60 mode 0
Event: 15.009 Thread 0x000001e5ea6a31c0 DEOPT PACKING pc=0x000001e5cffbdbf0 sp=0x00000035dc6fe980
Event: 15.009 Thread 0x000001e5ea6a31c0 DEOPT UNPACKING pc=0x000001e5d74c7143 sp=0x00000035dc6fde60 mode 0
Event: 15.039 Thread 0x000001e5ea6a31c0 DEOPT PACKING pc=0x000001e5cffbdbf0 sp=0x00000035dc6fe980
Event: 15.039 Thread 0x000001e5ea6a31c0 DEOPT UNPACKING pc=0x000001e5d74c7143 sp=0x00000035dc6fde60 mode 0
Event: 15.065 Thread 0x000001e5ea6a31c0 DEOPT PACKING pc=0x000001e5cffbdbf0 sp=0x00000035dc6fe980
Event: 15.065 Thread 0x000001e5ea6a31c0 DEOPT UNPACKING pc=0x000001e5d74c7143 sp=0x00000035dc6fde60 mode 0

Classes unloaded (0 events):
No events

Classes redefined (0 events):
No events

Internal exceptions (20 events):
Event: 8.388 Thread 0x000001e5e91d55f0 Exception <a 'java/lang/ClassNotFoundException'{0x00000000859c36e8}: sync_studio_tooling1_43gplcro7q3u9r54bwie5jgrnBeanInfo> (0x00000000859c36e8) 
thrown [s\src\hotspot\share\classfile\systemDictionary.cpp, line 256]
Event: 8.389 Thread 0x000001e5e91d55f0 Exception <a 'java/lang/ClassNotFoundException'{0x00000000859c9ff8}: sync_studio_tooling1_43gplcro7q3u9r54bwie5jgrnCustomizer> (0x00000000859c9ff8) 
thrown [s\src\hotspot\share\classfile\systemDictionary.cpp, line 256]
Event: 8.401 Thread 0x000001e5e91d55f0 Exception <a 'java/lang/ClassNotFoundException'{0x0000000085816228}: org/gradle/internal/metaobject/ConfigureDelegateBeanInfo> (0x0000000085816228) 
thrown [s\src\hotspot\share\classfile\systemDictionary.cpp, line 256]
Event: 8.402 Thread 0x000001e5e91d55f0 Exception <a 'java/lang/ClassNotFoundException'{0x0000000085826638}: org/gradle/internal/metaobject/ConfigureDelegateCustomizer> (0x0000000085826638) 
thrown [s\src\hotspot\share\classfile\systemDictionary.cpp, line 256]
Event: 8.414 Thread 0x000001e5e91d55f0 Exception <a 'java/lang/ClassNotFoundException'{0x0000000085876508}: org/gradle/api/internal/initialization/DefaultScriptHandlerBeanInfo> (0x0000000085876508) 
thrown [s\src\hotspot\share\classfile\systemDictionary.cpp, line 256]
Event: 8.415 Thread 0x000001e5e91d55f0 Exception <a 'java/lang/ClassNotFoundException'{0x0000000085886c98}: org/gradle/api/internal/initialization/DefaultScriptHandlerCustomizer> (0x0000000085886c98) 
thrown [s\src\hotspot\share\classfile\systemDictionary.cpp, line 256]
Event: 8.650 Thread 0x000001e5e91d55f0 Implicit null exception at 0x000001e5d7bf126c to 0x000001e5d7bf1310
Event: 8.661 Thread 0x000001e5e91d55f0 Exception <a 'java/lang/ClassNotFoundException'{0x0000000087c10898}: org/gradle/api/internal/artifacts/dsl/dependencies/DefaultDependencyHandler_DecoratedBeanInfo> (0x0000000087c10898) 
thrown [s\src\hotspot\share\classfile\systemDictionary.cpp, line 256]
Event: 8.662 Thread 0x000001e5e91d55f0 Exception <a 'java/lang/ClassNotFoundException'{0x0000000087c263c0}: org/gradle/api/internal/artifacts/dsl/dependencies/DefaultDependencyHandlerBeanInfo> (0x0000000087c263c0) 
thrown [s\src\hotspot\share\classfile\systemDictionary.cpp, line 256]
Event: 8.663 Thread 0x000001e5e91d55f0 Exception <a 'java/lang/ClassNotFoundException'{0x0000000087c3b408}: org/gradle/api/internal/artifacts/dsl/dependencies/DefaultDependencyHandlerCustomizer> (0x0000000087c3b408) 
thrown [s\src\hotspot\share\classfile\systemDictionary.cpp, line 256]
Event: 8.669 Thread 0x000001e5e91d55f0 Exception <a 'java/lang/ClassNotFoundException'{0x0000000087c7a1f0}: org/gradle/api/internal/artifacts/dsl/dependencies/DefaultDependencyHandler_DecoratedCustomizer> (0x0000000087c7a1f0) 
thrown [s\src\hotspot\share\classfile\systemDictionary.cpp, line 256]
Event: 8.674 Thread 0x000001e5e91d55f0 Exception <a 'java/lang/ClassNotFoundException'{0x0000000087cbb088}: sync_studio_tooling1_43gplcro7q3u9r54bwie5jgrn$_run_closure1BeanInfo> (0x0000000087cbb088) 
thrown [s\src\hotspot\share\classfile\systemDictionary.cpp, line 256]
Event: 8.675 Thread 0x000001e5e91d55f0 Exception <a 'java/lang/ClassNotFoundException'{0x0000000087cc2070}: sync_studio_tooling1_43gplcro7q3u9r54bwie5jgrn$_run_closure1Customizer> (0x0000000087cc2070) 
thrown [s\src\hotspot\share\classfile\systemDictionary.cpp, line 256]
Event: 8.784 Thread 0x000001e5e91d55f0 Exception <a 'java/lang/NoSuchMethodError'{0x00000000879b34a8}: 'java.lang.Object java.lang.invoke.DirectMethodHandle$Holder.newInvokeSpecial(java.lang.Object, int, java.lang.Object)'> (0x00000000879b34a8) 
thrown [s\src\hotspot\share\interpreter\linkResolver.cpp, line 771]
Event: 9.098 Thread 0x000001e5e91d55f0 Exception <a 'java/lang/NoSuchMethodError'{0x0000000086fb2508}: 'int java.lang.invoke.DirectMethodHandle$Holder.invokeStatic(java.lang.Object)'> (0x0000000086fb2508) 
thrown [s\src\hotspot\share\interpreter\linkResolver.cpp, line 771]
Event: 9.099 Thread 0x000001e5e91d55f0 Exception <a 'java/lang/NoSuchMethodError'{0x0000000086fb68f8}: 'int java.lang.invoke.DirectMethodHandle$Holder.invokeStaticInit(java.lang.Object)'> (0x0000000086fb68f8) 
thrown [s\src\hotspot\share\interpreter\linkResolver.cpp, line 771]
Event: 9.435 Thread 0x000001e5ea6a31c0 Exception <a 'sun/nio/fs/WindowsException'{0x0000000086a89828}> (0x0000000086a89828) 
thrown [s\src\hotspot\share\prims\jni.cpp, line 517]
Event: 9.443 Thread 0x000001e5ea6a4500 Exception <a 'sun/nio/fs/WindowsException'{0x0000000086e45a80}> (0x0000000086e45a80) 
thrown [s\src\hotspot\share\prims\jni.cpp, line 517]
Event: 10.102 Thread 0x000001e5ea6a4500 Exception <a 'sun/nio/fs/WindowsException'{0x00000000869ac648}> (0x00000000869ac648) 
thrown [s\src\hotspot\share\prims\jni.cpp, line 517]
Event: 10.104 Thread 0x000001e5ea6a4500 Exception <a 'sun/nio/fs/WindowsException'{0x00000000869ac7d8}> (0x00000000869ac7d8) 
thrown [s\src\hotspot\share\prims\jni.cpp, line 517]

VM Operations (20 events):
Event: 11.954 Executing VM operation: G1Concurrent
Event: 11.959 Executing VM operation: G1Concurrent done
Event: 11.970 Executing VM operation: G1Concurrent
Event: 11.970 Executing VM operation: G1Concurrent done
Event: 12.420 Executing VM operation: G1CollectForAllocation
Event: 12.423 Executing VM operation: G1CollectForAllocation done
Event: 12.859 Executing VM operation: HandshakeAllThreads
Event: 12.859 Executing VM operation: HandshakeAllThreads done
Event: 12.946 Executing VM operation: G1CollectForAllocation
Event: 12.950 Executing VM operation: G1CollectForAllocation done
Event: 13.112 Executing VM operation: HandshakeAllThreads
Event: 13.112 Executing VM operation: HandshakeAllThreads done
Event: 13.264 Executing VM operation: HandshakeAllThreads
Event: 13.264 Executing VM operation: HandshakeAllThreads done
Event: 13.287 Executing VM operation: HandshakeAllThreads
Event: 13.287 Executing VM operation: HandshakeAllThreads done
Event: 13.690 Executing VM operation: G1CollectForAllocation
Event: 13.696 Executing VM operation: G1CollectForAllocation done
Event: 14.597 Executing VM operation: G1CollectForAllocation
Event: 14.602 Executing VM operation: G1CollectForAllocation done

Events (20 events):
Event: 13.296 Thread 0x000001e5e783d2a0 flushing nmethod 0x000001e5d079cd90
Event: 13.296 Thread 0x000001e5e783d2a0 flushing nmethod 0x000001e5d07c5e10
Event: 13.296 Thread 0x000001e5e783d2a0 flushing nmethod 0x000001e5d07d0d10
Event: 13.296 Thread 0x000001e5e783d2a0 flushing nmethod 0x000001e5d07d5090
Event: 13.296 Thread 0x000001e5e783d2a0 flushing nmethod 0x000001e5d07d9010
Event: 13.297 Thread 0x000001e5e783d2a0 flushing nmethod 0x000001e5d07e3690
Event: 13.297 Thread 0x000001e5e783d2a0 flushing nmethod 0x000001e5d07ed390
Event: 13.297 Thread 0x000001e5e783d2a0 flushing nmethod 0x000001e5d0802410
Event: 13.297 Thread 0x000001e5e783d2a0 flushing nmethod 0x000001e5d080db10
Event: 13.297 Thread 0x000001e5e783d2a0 flushing nmethod 0x000001e5d080f690
Event: 13.297 Thread 0x000001e5e783d2a0 flushing nmethod 0x000001e5d0811290
Event: 13.297 Thread 0x000001e5e783d2a0 flushing nmethod 0x000001e5d0814390
Event: 13.298 Thread 0x000001e5e783d2a0 flushing nmethod 0x000001e5d082ed90
Event: 13.298 Thread 0x000001e5e783d2a0 flushing nmethod 0x000001e5d0857b90
Event: 13.298 Thread 0x000001e5e783d2a0 flushing nmethod 0x000001e5d0859710
Event: 13.298 Thread 0x000001e5e783d2a0 flushing nmethod 0x000001e5d085b710
Event: 13.298 Thread 0x000001e5e783d2a0 flushing nmethod 0x000001e5d085e910
Event: 13.298 Thread 0x000001e5e783d2a0 flushing nmethod 0x000001e5d086fd90
Event: 13.298 Thread 0x000001e5e783d2a0 flushing nmethod 0x000001e5d087d690
Event: 13.298 Thread 0x000001e5e783d2a0 flushing nmethod 0x000001e5d0880d90


Dynamic libraries:
0x00007ff6a3650000 - 0x00007ff6a365a000 	C:\Program Files\Android\Android Studio\jbr\bin\java.exe
0x00007ffee7470000 - 0x00007ffee7687000 	C:\WINDOWS\SYSTEM32\ntdll.dll
0x00007ffee6220000 - 0x00007ffee62e4000 	C:\WINDOWS\System32\KERNEL32.DLL
0x00007ffee47e0000 - 0x00007ffee4b85000 	C:\WINDOWS\System32\KERNELBASE.dll
0x00007ffee4e60000 - 0x00007ffee4f71000 	C:\WINDOWS\System32\ucrtbase.dll
0x00007ffecd750000 - 0x00007ffecd767000 	C:\Program Files\Android\Android Studio\jbr\bin\jli.dll
0x00007ffee6070000 - 0x00007ffee621e000 	C:\WINDOWS\System32\USER32.dll
0x00007ffecedb0000 - 0x00007ffecf043000 	C:\WINDOWS\WinSxS\amd64_microsoft.windows.common-controls_6595b64144ccf1df_6.0.22621.2506_none_270c5ae97388e100\COMCTL32.dll
0x00007ffee5190000 - 0x00007ffee51b6000 	C:\WINDOWS\System32\win32u.dll
0x00007ffee6790000 - 0x00007ffee6837000 	C:\WINDOWS\System32\msvcrt.dll
0x00007ffee5c80000 - 0x00007ffee5ca9000 	C:\WINDOWS\System32\GDI32.dll
0x00007ffee4f80000 - 0x00007ffee5099000 	C:\WINDOWS\System32\gdi32full.dll
0x00007ffec37b0000 - 0x00007ffec37cb000 	C:\Program Files\Android\Android Studio\jbr\bin\VCRUNTIME140.dll
0x00007ffee4b90000 - 0x00007ffee4c2a000 	C:\WINDOWS\System32\msvcp_win.dll
0x00007ffee6ad0000 - 0x00007ffee6b01000 	C:\WINDOWS\System32\IMM32.DLL
0x00007ffed4000000 - 0x00007ffed400c000 	C:\Program Files\Android\Android Studio\jbr\bin\vcruntime140_1.dll
0x00007ffea6a10000 - 0x00007ffea6a9d000 	C:\Program Files\Android\Android Studio\jbr\bin\msvcp140.dll
0x00007ffe4d310000 - 0x00007ffe4df7e000 	C:\Program Files\Android\Android Studio\jbr\bin\server\jvm.dll
0x00007ffee6470000 - 0x00007ffee6521000 	C:\WINDOWS\System32\ADVAPI32.dll
0x00007ffee5bd0000 - 0x00007ffee5c76000 	C:\WINDOWS\System32\sechost.dll
0x00007ffee5d00000 - 0x00007ffee5e17000 	C:\WINDOWS\System32\RPCRT4.dll
0x00007ffed3510000 - 0x00007ffed3519000 	C:\WINDOWS\SYSTEM32\WSOCK32.dll
0x00007ffedabe0000 - 0x00007ffedac14000 	C:\WINDOWS\SYSTEM32\WINMM.dll
0x00007ffed6f20000 - 0x00007ffed6f2a000 	C:\WINDOWS\SYSTEM32\VERSION.dll
0x00007ffee6370000 - 0x00007ffee63e1000 	C:\WINDOWS\System32\WS2_32.dll
0x00007ffee3750000 - 0x00007ffee3768000 	C:\WINDOWS\SYSTEM32\kernel.appcore.dll
0x00007ffed4440000 - 0x00007ffed444a000 	C:\Program Files\Android\Android Studio\jbr\bin\jimage.dll
0x00007ffee20d0000 - 0x00007ffee2303000 	C:\WINDOWS\SYSTEM32\DBGHELP.DLL
0x00007ffee6fa0000 - 0x00007ffee7329000 	C:\WINDOWS\System32\combase.dll
0x00007ffee6910000 - 0x00007ffee69e7000 	C:\WINDOWS\System32\OLEAUT32.dll
0x00007ffed96e0000 - 0x00007ffed9712000 	C:\WINDOWS\SYSTEM32\dbgcore.DLL
0x00007ffee5110000 - 0x00007ffee518a000 	C:\WINDOWS\System32\bcryptPrimitives.dll
0x00007ffecd200000 - 0x00007ffecd225000 	C:\Program Files\Android\Android Studio\jbr\bin\java.dll
0x00007ffed0a30000 - 0x00007ffed0a48000 	C:\Program Files\Android\Android Studio\jbr\bin\zip.dll
0x00007ffee5360000 - 0x00007ffee5bb9000 	C:\WINDOWS\System32\SHELL32.dll
0x00007ffee26b0000 - 0x00007ffee2fa4000 	C:\WINDOWS\SYSTEM32\windows.storage.dll
0x00007ffee2570000 - 0x00007ffee26ae000 	C:\WINDOWS\SYSTEM32\wintypes.dll
0x00007ffee7330000 - 0x00007ffee7423000 	C:\WINDOWS\System32\SHCORE.dll
0x00007ffee6a70000 - 0x00007ffee6ace000 	C:\WINDOWS\System32\shlwapi.dll
0x00007ffee4710000 - 0x00007ffee4736000 	C:\WINDOWS\SYSTEM32\profapi.dll
0x00007ffecdbe0000 - 0x00007ffecdbf9000 	C:\Program Files\Android\Android Studio\jbr\bin\net.dll
0x00007ffedcd20000 - 0x00007ffedce57000 	C:\WINDOWS\SYSTEM32\WINHTTP.dll
0x00007ffee3c40000 - 0x00007ffee3ca9000 	C:\WINDOWS\system32\mswsock.dll
0x00007ffecd930000 - 0x00007ffecd946000 	C:\Program Files\Android\Android Studio\jbr\bin\nio.dll
0x00007ffed0970000 - 0x00007ffed0980000 	C:\Program Files\Android\Android Studio\jbr\bin\verify.dll
0x00007ffecdb90000 - 0x00007ffecdbb7000 	C:\Users\Ivonn\.gradle\native\68d5fa5c4cc2d200863cafc0d521ce42e7d3e7ee720ec0a83991735586a16f82\windows-amd64\native-platform.dll
0x00007ffea1ba0000 - 0x00007ffea1ce4000 	C:\Users\Ivonn\.gradle\native\e376f236ea51e6404a007f0833ffe2c6e607c4080706a723a18a27aeea778392\windows-amd64\native-platform-file-events.dll
0x00007ffecdb80000 - 0x00007ffecdb89000 	C:\Program Files\Android\Android Studio\jbr\bin\management.dll
0x00007ffecda50000 - 0x00007ffecda5b000 	C:\Program Files\Android\Android Studio\jbr\bin\management_ext.dll
0x00007ffee5bc0000 - 0x00007ffee5bc8000 	C:\WINDOWS\System32\PSAPI.DLL
0x00007ffee3eb0000 - 0x00007ffee3ecb000 	C:\WINDOWS\SYSTEM32\CRYPTSP.dll
0x00007ffee3710000 - 0x00007ffee3745000 	C:\WINDOWS\system32\rsaenh.dll
0x00007ffee3d50000 - 0x00007ffee3d7c000 	C:\WINDOWS\SYSTEM32\USERENV.dll
0x00007ffee40a0000 - 0x00007ffee40c8000 	C:\WINDOWS\SYSTEM32\bcrypt.dll
0x00007ffee3ed0000 - 0x00007ffee3edc000 	C:\WINDOWS\SYSTEM32\CRYPTBASE.dll
0x00007ffee3250000 - 0x00007ffee327d000 	C:\WINDOWS\SYSTEM32\IPHLPAPI.DLL
0x00007ffee6530000 - 0x00007ffee6539000 	C:\WINDOWS\System32\NSI.dll
0x00007ffedbde0000 - 0x00007ffedbdf9000 	C:\WINDOWS\SYSTEM32\dhcpcsvc6.DLL
0x00007ffedb290000 - 0x00007ffedb2af000 	C:\WINDOWS\SYSTEM32\dhcpcsvc.DLL
0x00007ffee32d0000 - 0x00007ffee33c9000 	C:\WINDOWS\SYSTEM32\DNSAPI.dll
0x00007ffec1e40000 - 0x00007ffec1e48000 	C:\WINDOWS\system32\wshunix.dll
0x00007ffee37d0000 - 0x00007ffee3804000 	C:\WINDOWS\SYSTEM32\ntmarta.dll

dbghelp: loaded successfully - version: 4.0.5 - missing functions: none
symbol engine: initialized successfully - sym options: 0x614 - pdb path: .;C:\Program Files\Android\Android Studio\jbr\bin;C:\WINDOWS\SYSTEM32;C:\WINDOWS\WinSxS\amd64_microsoft.windows.common-controls_6595b64144ccf1df_6.0.22621.2506_none_270c5ae97388e100;C:\Program Files\Android\Android Studio\jbr\bin\server;C:\Users\Ivonn\.gradle\native\68d5fa5c4cc2d200863cafc0d521ce42e7d3e7ee720ec0a83991735586a16f82\windows-amd64;C:\Users\Ivonn\.gradle\native\e376f236ea51e6404a007f0833ffe2c6e607c4080706a723a18a27aeea778392\windows-amd64

VM Arguments:
jvm_args: --add-opens=java.base/java.util=ALL-UNNAMED --add-opens=java.base/java.lang=ALL-UNNAMED --add-opens=java.base/java.lang.invoke=ALL-UNNAMED --add-opens=java.prefs/java.util.prefs=ALL-UNNAMED --add-opens=java.base/java.nio.charset=ALL-UNNAMED --add-opens=java.base/java.net=ALL-UNNAMED --add-opens=java.base/java.util.concurrent.atomic=ALL-UNNAMED -Xmx2048m -Dfile.encoding=UTF-8 -Duser.country=CL -Duser.language=es -Duser.variant 
java_command: org.gradle.launcher.daemon.bootstrap.GradleDaemon 8.0
java_class_path (initial): C:\Users\Ivonn\.gradle\wrapper\dists\gradle-8.0-bin\ca5e32bp14vu59qr306oxotwh\gradle-8.0\lib\gradle-launcher-8.0.jar
Launcher Type: SUN_STANDARD

[Global flags]
     intx CICompilerCount                          = 4                                         {product} {ergonomic}
     uint ConcGCThreads                            = 3                                         {product} {ergonomic}
     uint G1ConcRefinementThreads                  = 10                                        {product} {ergonomic}
   size_t G1HeapRegionSize                         = 1048576                                   {product} {ergonomic}
    uintx GCDrainStackTargetSize                   = 64                                        {product} {ergonomic}
   size_t InitialHeapSize                          = 130023424                                 {product} {ergonomic}
   size_t MarkStackSize                            = 4194304                                   {product} {ergonomic}
   size_t MaxHeapSize                              = 2147483648                                {product} {command line}
   size_t MaxNewSize                               = 1287651328                                {product} {ergonomic}
   size_t MinHeapDeltaBytes                        = 1048576                                   {product} {ergonomic}
   size_t MinHeapSize                              = 8388608                                   {product} {ergonomic}
    uintx NonNMethodCodeHeapSize                   = 5839372                                {pd product} {ergonomic}
    uintx NonProfiledCodeHeapSize                  = 122909434                              {pd product} {ergonomic}
    uintx ProfiledCodeHeapSize                     = 122909434                              {pd product} {ergonomic}
    uintx ReservedCodeCacheSize                    = 251658240                              {pd product} {ergonomic}
     bool SegmentedCodeCache                       = true                                      {product} {ergonomic}
   size_t SoftMaxHeapSize                          = 2147483648                             {manageable} {ergonomic}
     bool UseCompressedClassPointers               = true                           {product lp64_product} {ergonomic}
     bool UseCompressedOops                        = true                           {product lp64_product} {ergonomic}
     bool UseG1GC                                  = true                                      {product} {ergonomic}
     bool UseLargePagesIndividualAllocation        = false                                  {pd product} {ergonomic}

Logging:
Log output configuration:
 #0: stdout all=warning uptime,level,tags
 #1: stderr all=off uptime,level,tags

Environment Variables:
JAVA_HOME=C:\Program Files\Java\jdk-17
PATH=C:\Program Files\Common Files\Oracle\Java\javapath;C:\WINDOWS\system32;C:\WINDOWS;C:\WINDOWS\System32\Wbem;C:\WINDOWS\System32\WindowsPowerShell\v1.0\;C:\WINDOWS\System32\OpenSSH\;C:\Program Files\nodejs\;C:\Gradle\gradle-8.1\bin;C:\Program Files\Java\jdk-17\bin;C:\ProgramData\chocolatey;C:\flutter\bin;C:\dart-sdk\bin;C:\Users\Ivonn\AppData\Local\Microsoft\WindowsApps;C:\Users\Ivonn\AppData\Local\Programs\Microsoft VS Code\bin;C:\Users\Ivonn\AppData\Local\GitHubDesktop\bin;C:\Users\Ivonn\AppData\Roaming\npm
USERNAME=Ivonn
OS=Windows_NT
PROCESSOR_IDENTIFIER=Intel64 Family 6 Model 154 Stepping 4, GenuineIntel
TMP=C:\Users\Ivonn\AppData\Local\Temp
TEMP=C:\Users\Ivonn\AppData\Local\Temp


JNI global refs:
JNI global refs: 26, weak refs: 54

JNI global refs memory usage: 843, weak refs: 1473


---------------  S Y S T E M  ---------------

OS:
 Windows 11 , 64 bit Build 22621 (10.0.22621.2506)
OS uptime: 0 days 12:28 hours
Hyper-V role detected

CPU: total 12 (initial active 12) (6 cores per cpu, 2 threads per core) family 6 model 154 stepping 4 microcode 0x423, cx8, cmov, fxsr, ht, mmx, 3dnowpref, sse, sse2, sse3, ssse3, sse4.1, sse4.2, popcnt, lzcnt, tsc, tscinvbit, avx, avx2, aes, erms, clmul, bmi1, bmi2, adx, sha, fma, vzeroupper, clflush, clflushopt, clwb, hv

Memory: 4k page, system-wide physical 7896M (329M free)
TotalPageFile size 15896M (AvailPageFile size 9M)
current process WorkingSet (physical memory assigned to process): 353M, peak: 363M
current process commit charge ("private bytes"): 404M, peak: 410M

vm_info: OpenJDK 64-Bit Server VM (17.0.6+0-b2043.56-10027231) for windows-amd64 JRE (17.0.6+0-b2043.56-10027231), built on Apr 28 2023 00:43:19 by "androidbuild" with MS VC++ 16.10 / 16.11 (VS2019)

END.
